[main: OPTIONS:]
  [main: (anchor.tool.AnchorCommandLine$)   javaArgs             = treiber-stack-linked-list.anchor ]
  [main: (anchor.tool.AnchorCommandLine$)   verify               = MethodSpecs         ]
  [main: (anchor.tool.AnchorCommandLine$)   pp                   = false               ]
  [main: (anchor.tool.AnchorCommandLine$)   snapshots            = true                ]
  [main: (anchor.tool.AnchorCommandLine$)   modAxioms            = false               ]
  [main: (anchor.tool.AnchorCommandLine$)   noWarn               = false               ]
  [main: (anchor.tool.AnchorCommandLine$)   boogie               = mono /home/fzhao12/Synchronicity/workspace/Synchronicity/boogie/Binaries/Boogie.exe]
  [main: (acme.util.Util)                   quiet                = false               ]
  [main: (acme.util.Util)                   logDepth             = 100                 ]
  [main: (acme.util.Util)                   logs                 = log                 ]
  [main: (acme.util.Util)                   out                  =                     ]
  [main: (acme.util.Util)                   err                  =                     ]
  [main: (anchor.tool.AnchorCommandLine$)   bpl                  = log/a.bpl           ]
  [main: (anchor.tool.AnchorCommandLine$)   maxTid               = -1                  ]
  [main: (anchor.tool.AnchorCommandLine$)   sameValueCommutes    = false               ]
  [main: (anchor.tool.AnchorCommandLine$)   inferInvsPreservedByY = false               ]
  [main: (anchor.tool.AnchorCommandLine$)   B                    = -useArrayTheory -errorLimit:1 -errorTrace:1 -printModel:2 -timeLimit:600 ]
  [main: (anchor.tool.AnchorCommandLine$)   strictStability      = true                ]
  [main: (anchor.tool.AnchorCommandLine$)   manualHoudini        = false               ]
  [main: (anchor.tool.AnchorCommandLine$)   alreadyPrepared      = false               ]
  [main: (anchor.tool.AnchorCommandLine$)   args                 = []                  ]
  [main: (acme.util.Debug)                  d                    = []                  ]
  [main: (acme.util.Yikes)                  maxYikes             = 5                   ]
  [main: (anchor.tool.AnchorCommandLine$$anon$2) help                 = false               ]
[main: 0.00600 sec]
[main: Main]
Processing treiber-stack-linked-list.anchor...
  [main: Processing treiber-stack-linked-list.anchor]
    [main: Loading]
      [main: Loading Anchor code]
        [main: Front End]
          [main: Parsing]
          [main: 0.221 sec]
          [main: Type Checking]
          [main: 0.0470 sec]
        [main: 0.269 sec]
      [main: 0.270 sec]
      [main: Translating to Sink]
        [main: Type Checking]
        [main: 0.0640 sec]
      [main: 0.117 sec]
    [main: 0.387 sec]
    [main: Verifying]
      [main: Type Checking]
      [main: 0.00500 sec]
      [main: Lowering]
        [main: Type Checking]
        [main: 0.00500 sec]
      [main: 0.00900 sec]
      [main: Explicit]
        [main: Locks]
          [main: Type Checking]
          [main: 0.00600 sec]
        [main: 0.111 sec]
        [main: CAS]
          [main: CAS Fields: TreiberStack.head]
          [main: Type Checking]
          [main: 0.0130 sec]
        [main: 0.187 sec]
      [main: 0.299 sec]
      [main: Inlining]
        [main: Type Checking]
        [main: 0.00600 sec]
      [main: 0.0200 sec]
      [main: Creating Boogie File]
        [main: Printing]
        [main: 0.00400 sec]
        [main: Printing]
        [main: 0.00200 sec]
        [main: Printing]
        [main: 0.00200 sec]
        [main: Printing]
        [main: 0.00100 sec]
      [main: 0.0170 sec]
      [main: Generating Boogie Code]
      [main: 0.222 sec]
      [main: Running Boogie on: log/a.bpl]
        [main: mono /home/fzhao12/Synchronicity/workspace/Synchronicity/boogie/Binaries/Boogie.exe  -proverOpt:C:AUTO_CONFIG=false -proverOpt:C:pp.bv_literals=false -proverOpt:C:MODEL.V2=true -proverOpt:C:smt.PHASE_SELECTION=0 -proverOpt:C:smt.RESTART_STRATEGY=0 -proverOpt:C:smt.RESTART_FACTOR=1.5 -proverOpt:C:smt.ARITH.RANDOM_INITIAL_VALUE=false -proverOpt:C:smt.CASE_SPLIT=3 -proverOpt:C:smt.DELAY_UNITS=true -proverOpt:C:NNF.SK_HACK=true -proverOpt:C:smt.MBQI=false -proverOpt:C:smt.QI.EAGER_THRESHOLD=100 -proverOpt:C:TYPE_CHECK=true -proverOpt:C:smt.BV.REFLECT=true -proverOpt:C:MODEL_COMPRESS=false -useArrayTheory -errorLimit:1 -errorTrace:1 -printModel:2 -timeLimit:600  log/a.bpl]
      [main: 1.42 sec]
    [main: 2.04 sec]
  [main: 2.44 sec]
Verified!  (2.44 seconds)
[main: 2.44 sec]
