[main: OPTIONS:]
  [main: (anchor.tool.AnchorCommandLine$)   javaArgs             = treiber-stack-linked-list.anchor ]
  [main: (anchor.tool.AnchorCommandLine$)   verify               = MethodSpecs         ]
  [main: (anchor.tool.AnchorCommandLine$)   pp                   = false               ]
  [main: (anchor.tool.AnchorCommandLine$)   snapshots            = true                ]
  [main: (anchor.tool.AnchorCommandLine$)   modAxioms            = false               ]
  [main: (anchor.tool.AnchorCommandLine$)   noWarn               = false               ]
  [main: (anchor.tool.AnchorCommandLine$)   boogie               = mono /home/fzhao12/Synchronicity/workspace/Synchronicity/boogie/Binaries/Boogie.exe]
  [main: (acme.util.Util)                   quiet                = false               ]
  [main: (acme.util.Util)                   logDepth             = 100                 ]
  [main: (acme.util.Util)                   logs                 = treiber-stack-linked-list.anchor.log]
  [main: (acme.util.Util)                   out                  =                     ]
  [main: (acme.util.Util)                   err                  =                     ]
  [main: (anchor.tool.AnchorCommandLine$)   bpl                  = log/a.bpl           ]
  [main: (anchor.tool.AnchorCommandLine$)   maxTid               = -1                  ]
  [main: (anchor.tool.AnchorCommandLine$)   sameValueCommutes    = false               ]
  [main: (anchor.tool.AnchorCommandLine$)   inferInvsPreservedByY = false               ]
  [main: (anchor.tool.AnchorCommandLine$)   B                    = -useArrayTheory -errorLimit:1 -errorTrace:1 -printModel:2 -timeLimit:600 ]
  [main: (anchor.tool.AnchorCommandLine$)   strictStability      = true                ]
  [main: (anchor.tool.AnchorCommandLine$)   manualHoudini        = false               ]
  [main: (anchor.tool.AnchorCommandLine$)   alreadyPrepared      = false               ]
  [main: (anchor.tool.AnchorCommandLine$)   args                 = []                  ]
  [main: (acme.util.Debug)                  d                    = []                  ]
  [main: (acme.util.Yikes)                  maxYikes             = 5                   ]
  [main: (anchor.tool.AnchorCommandLine$$anon$2) help                 = false               ]
[main: 0.00400 sec]
[main: Main]
Processing treiber-stack-linked-list.anchor...
  [main: Processing treiber-stack-linked-list.anchor]
  [main: 0.00 sec]
[main: 0.00600 sec]
